Arguments: 
  C:\Program Files\nodejs\node.exe C:\Program Files (x86)\Yarn\bin\yarn.js init -y

PATH: 
  C:\Users\felix\bin;C:\Program Files\Git\mingw64\bin;C:\Program Files\Git\usr\local\bin;C:\Program Files\Git\usr\bin;C:\Program Files\Git\usr\bin;C:\Program Files\Git\cmd;C:\Windows\system32;C:\Windows;C:\Windows\System32\Wbem;C:\Windows\System32\WindowsPowerShell\v1.0;C:\Windows\System32\OpenSSH;C:\ProgramData\chocolatey\bin;C:\Program Files\Git\cmd;C:\Program Files\nodejs;C:\Program Files (x86)\Yarn\bin;C:\Program Files\Microsoft VS Code\bin;C:\Program Files\Docker\Docker\resources\bin;C:\ProgramData\DockerDesktop\version-bin;%USERPROFILE%\AppData\Local\Microsoft\WindowsApps;C:\Users\felix\AppData\Roaming\npm;C:\Users\felix\AppData\Local\Yarn\bin;C:\Users\felix\AppData\Local\hyper\app-3.0.2\resources\bin;C:\Program Files\Git\usr\bin\vendor_perl;C:\Program Files\Git\usr\bin\core_perl;.;C:\Program Files\PostgreSQL\12\bin;C:\Program Files\PostgreSQL\12\bin

Yarn version: 
  1.22.5

Node version: 
  14.8.0

Platform: 
  win32 x64

Trace: 
  SyntaxError: C:\Users\felix\projects\meme\package.json: Unexpected end of JSON input
      at JSON.parse (<anonymous>)
      at C:\Program Files (x86)\Yarn\lib\cli.js:1625:59
      at Generator.next (<anonymous>)
      at step (C:\Program Files (x86)\Yarn\lib\cli.js:310:30)
      at C:\Program Files (x86)\Yarn\lib\cli.js:321:13

npm manifest: 
  

yarn manifest: 
  No manifest

Lockfile: 
  No lockfile
